#
# There is insufficient memory for the Java Runtime Environment to continue.
# Native memory allocation (malloc) failed to allocate 1048576 bytes for AllocateHeap
# Possible reasons:
#   The system is out of physical RAM or swap space
#   In 32 bit mode, the process size limit was hit
# Possible solutions:
#   Reduce memory load on the system
#   Increase physical memory or swap space
#   Check if swap backing store is full
#   Use 64 bit Java on a 64 bit OS
#   Decrease Java heap size (-Xmx/-Xms)
#   Decrease number of Java threads
#   Decrease Java thread stack sizes (-Xss)
#   Set larger code cache with -XX:ReservedCodeCacheSize=
# This output file may be truncated or incomplete.
#
#  Out of Memory Error (memory/allocation.inline.hpp:61), pid=6492, tid=5976
#
# JRE version:  (8.0_60-b27) (build )
# Java VM: Java HotSpot(TM) 64-Bit Server VM (25.60-b23 mixed mode windows-amd64 compressed oops)
# Failed to write core dump. Minidumps are not enabled by default on client versions of Windows
#

---------------  T H R E A D  ---------------

Current thread (0x0000000001f70800):  JavaThread "Unknown thread" [_thread_in_vm, id=5976, stack(0x0000000001e70000,0x0000000001f70000)]

Stack: [0x0000000001e70000,0x0000000001f70000]
[error occurred during error reporting (printing stack bounds), id 0xc0000005]

Native frames: (J=compiled Java code, j=interpreted, Vv=VM code, C=native code)


---------------  P R O C E S S  ---------------

Java Threads: ( => current thread )

Other Threads:

=>0x0000000001f70800 (exited) JavaThread "Unknown thread" [_thread_in_vm, id=5976, stack(0x0000000001e70000,0x0000000001f70000)]

VM state:not at safepoint (normal execution)

VM Mutex/Monitor currently owned by a thread: None

Heap:
 PSYoungGen      total 18944K, used 327K [0x00000000eab00000, 0x00000000ec000000, 0x0000000100000000)
  eden space 16384K, 2% used [0x00000000eab00000,0x00000000eab51ec8,0x00000000ebb00000)
  from space 2560K, 0% used [0x00000000ebd80000,0x00000000ebd80000,0x00000000ec000000)
  to   space 2560K, 0% used [0x00000000ebb00000,0x00000000ebb00000,0x00000000ebd80000)
 ParOldGen       total 44032K, used 0K [0x00000000c0000000, 0x00000000c2b00000, 0x00000000eab00000)
  object space 44032K, 0% used [0x00000000c0000000,0x00000000c0000000,0x00000000c2b00000)
 Metaspace       used 767K, capacity 4480K, committed 4480K, reserved 1056768K
  class space    used 75K, capacity 384K, committed 384K, reserved 1048576K

Card table byte_map: [0x0000000011430000,0x0000000011640000] byte_map_base: 0x0000000010e30000

Marking Bits: (ParMarkBitMap*) 0x000000006e26a5b0
 Begin Bits: [0x0000000011ba0000, 0x0000000012ba0000)
 End Bits:   [0x0000000012ba0000, 0x0000000013ba0000)

Polling page: 0x0000000000580000

CodeCache: size=245760Kb used=328Kb max_used=328Kb free=245431Kb
 bounds [0x0000000002070000, 0x00000000022e0000, 0x0000000011070000]
 total_blobs=57 nmethods=0 adapters=37
 compilation: enabled

Compilation events (0 events):
No events

GC Heap History (0 events):
No events

Deoptimization events (0 events):
No events

Internal exceptions (0 events):
No events

Events (10 events):
Event: 0.038 loading class java/lang/Short
Event: 0.038 loading class java/lang/Short done
Event: 0.038 loading class java/lang/Integer
Event: 0.038 loading class java/lang/Integer done
Event: 0.038 loading class java/lang/Long
Event: 0.039 loading class java/lang/Long done
Event: 0.040 loading class java/lang/NullPointerException
Event: 0.040 loading class java/lang/NullPointerException done
Event: 0.040 loading class java/lang/ArithmeticException
Event: 0.040 loading class java/lang/ArithmeticException done


Dynamic libraries:
0x00007ff73d750000 - 0x00007ff73d787000 	C:\Program Files\Java\jdk1.8.0_60\bin\java.exe
0x00007ffcbbfe0000 - 0x00007ffcbc18d000 	C:\Windows\SYSTEM32\ntdll.dll
0x00007ffcb9660000 - 0x00007ffcb979e000 	C:\Windows\system32\KERNEL32.DLL
0x00007ffcb93b0000 - 0x00007ffcb94c5000 	C:\Windows\system32\KERNELBASE.dll
0x00007ffcb7c20000 - 0x00007ffcb7cae000 	C:\Windows\system32\apphelp.dll
0x00007ffca5110000 - 0x00007ffca5163000 	C:\Windows\AppPatch\AppPatch64\AcGenral.DLL
0x00007ffcb9ab0000 - 0x00007ffcb9b5a000 	C:\Windows\system32\msvcrt.dll
0x00007ffcb9530000 - 0x00007ffcb955e000 	C:\Windows\system32\SspiCli.dll
0x00007ffcba750000 - 0x00007ffcba7a4000 	C:\Windows\system32\SHLWAPI.dll
0x00007ffcb9930000 - 0x00007ffcb9aa7000 	C:\Windows\system32\USER32.dll
0x00007ffcba490000 - 0x00007ffcba624000 	C:\Windows\system32\ole32.dll
0x00007ffcba7c0000 - 0x00007ffcbbce8000 	C:\Windows\system32\SHELL32.dll
0x00007ffcb8620000 - 0x00007ffcb8641000 	C:\Windows\SYSTEM32\USERENV.dll
0x00007ffcbbf30000 - 0x00007ffcbbfda000 	C:\Windows\system32\ADVAPI32.dll
0x00007ffca8d90000 - 0x00007ffca8dae000 	C:\Windows\SYSTEM32\MPR.dll
0x00007ffcb9f70000 - 0x00007ffcba0b0000 	C:\Windows\system32\RPCRT4.dll
0x00007ffcba2e0000 - 0x00007ffcba339000 	C:\Windows\SYSTEM32\sechost.dll
0x00007ffcbbd10000 - 0x00007ffcbbf21000 	C:\Windows\SYSTEM32\combase.dll
0x00007ffcba340000 - 0x00007ffcba48f000 	C:\Windows\system32\GDI32.dll
0x00007ffcb9100000 - 0x00007ffcb9115000 	C:\Windows\SYSTEM32\profapi.dll
0x00007ffcb73b0000 - 0x00007ffcb7462000 	C:\Windows\SYSTEM32\SHCORE.dll
0x00007ffcba0b0000 - 0x00007ffcba0e6000 	C:\Windows\system32\IMM32.DLL
0x00007ffcb9c30000 - 0x00007ffcb9d82000 	C:\Windows\system32\MSCTF.dll
0x00007ffcb4f70000 - 0x00007ffcb51eb000 	C:\Windows\WinSxS\amd64_microsoft.windows.common-controls_6595b64144ccf1df_6.0.9600.18006_none_623f33d3ecbe86e8\COMCTL32.dll
0x000000006e2f0000 - 0x000000006e3c2000 	C:\Program Files\Java\jdk1.8.0_60\jre\bin\msvcr100.dll
0x000000006da60000 - 0x000000006e2e9000 	C:\Program Files\Java\jdk1.8.0_60\jre\bin\server\jvm.dll
0x00007ffcb3560000 - 0x00007ffcb3569000 	C:\Windows\SYSTEM32\WSOCK32.dll
0x00007ffcb3390000 - 0x00007ffcb33b2000 	C:\Windows\SYSTEM32\WINMM.dll
0x00007ffcb2db0000 - 0x00007ffcb2dba000 	C:\Windows\SYSTEM32\VERSION.dll
0x00007ffcbbd00000 - 0x00007ffcbbd07000 	C:\Windows\system32\PSAPI.DLL
0x00007ffcb9810000 - 0x00007ffcb986a000 	C:\Windows\system32\WS2_32.dll
0x00007ffcb3340000 - 0x00007ffcb336a000 	C:\Windows\SYSTEM32\WINMMBASE.dll
0x00007ffcbbcf0000 - 0x00007ffcbbcf9000 	C:\Windows\system32\NSI.dll
0x00007ffcb9610000 - 0x00007ffcb965f000 	C:\Windows\SYSTEM32\cfgmgr32.dll
0x00007ffcb7e70000 - 0x00007ffcb7e98000 	C:\Windows\SYSTEM32\DEVOBJ.dll
0x000000006da50000 - 0x000000006da5f000 	C:\Program Files\Java\jdk1.8.0_60\jre\bin\verify.dll
0x000000006da20000 - 0x000000006da49000 	C:\Program Files\Java\jdk1.8.0_60\jre\bin\java.dll
0x000000006da00000 - 0x000000006da16000 	C:\Program Files\Java\jdk1.8.0_60\jre\bin\zip.dll

VM Arguments:
jvm_args: -Djava.awt.headless=true -Xmx1024M -Dfile.encoding=windows-1252 -Duser.country=IN -Duser.language=en -Duser.variant 
java_command: com.android.dx.command.Main --dex --num-threads=4 --output C:\Users\Nisha Murarka\Downloads\motu\HW10\app\build\intermediates\pre-dexed\debug\com.android.support-support-v4-23.0.1_566d5877e39f8a0295b57f229d2fb7fb12ca22a5.jar C:\Users\Nisha Murarka\Downloads\motu\HW10\app\build\intermediates\exploded-aar\com.android.support\support-v4\23.0.1\jars\classes.jar
java_class_path (initial): C:\Users\Nisha Murarka\AppData\Local\Android\sdk\build-tools\23.0.0\lib\dx.jar
Launcher Type: SUN_STANDARD

Environment Variables:
PATH=C:\ProgramData\Oracle\Java\javapath;C:\Windows\system32;C:\Windows;C:\Windows\System32\Wbem;C:\Windows\System32\WindowsPowerShell\v1.0\;C:\Program Files\Hewlett-Packard\SimplePass\;C:\Program Files (x86)\Windows Live\Shared;C:\Program Files (x86)\Windows Kits\8.1\Windows Performance Toolkit\;C:\Program Files\Microsoft SQL Server\130\Tools\Binn\;C:\Program Files (x86)\Skype\Phone\;
USERNAME=Nisha Murarka
OS=Windows_NT
PROCESSOR_IDENTIFIER=Intel64 Family 6 Model 69 Stepping 1, GenuineIntel



---------------  S Y S T E M  ---------------

OS: Windows 8.1 , 64 bit Build 9600 (6.3.9600.17415)

CPU:total 4 (2 cores per cpu, 2 threads per core) family 6 model 69 stepping 1, cmov, cx8, fxsr, mmx, sse, sse2, sse3, ssse3, sse4.1, sse4.2, popcnt, avx, avx2, aes, clmul, erms, lzcnt, ht, tsc, tscinvbit, bmi1, bmi2

Memory: 4k page, physical 4124504k(227912k free), swap 5730556k(5932k free)

vm_info: Java HotSpot(TM) 64-Bit Server VM (25.60-b23) for windows-amd64 JRE (1.8.0_60-b27), built on Aug  4 2015 11:06:27 by "java_re" with MS VC++ 10.0 (VS2010)

time: Sun Nov 27 16:25:02 2016
elapsed time: 0 seconds (0d 0h 0m 0s)

